<?xml version="1.0" encoding="UTF-8"?>
<!-- Generated by org.testng.reporters.JUnitXMLReporter -->
<testsuite ignored="0" hostname="LAPTOP-E2PSIL5I" failures="0" tests="5" name="Default test" time="91.595" errors="0" timestamp="2023-02-06T12:09:53 IST">
  <testcase classname="vtiger.Practice.WebTablePracticeTest" name="checkAllBoxesTest" time="11.257"/>
  <testcase classname="vtiger.Practice.WebTablePracticeTest" name="checkFifthCheckBoxTest" time="7.722"/>
  <testcase classname="vtiger.Practice.WebTablePracticeTest" name="clickOnLastCheckBox" time="5.837"/>
  <testcase classname="vtiger.Practice.WebTablePracticeTest" name="printAllOrgNamesTest" time="10.561"/>
  <testcase classname="vtiger.Practice.WebTablePracticeTest" name="selectEightOrgAndThenDeleteTest" time="7.987"/>
</testsuite> <!-- Default test -->
