<?xml version="1.0" encoding="UTF-8"?>
<!-- Generated by org.testng.reporters.JUnitXMLReporter -->
<testsuite ignored="0" hostname="LAPTOP-E2PSIL5I" failures="0" tests="3" name="Test1" time="73.351" errors="0" timestamp="2023-01-11T10:16:13 IST">
  <testcase classname="vtiger.Organizations.TestScripts.CreateOrganizationWithIndustryUsingPOMTest" name="createOrgWithIndustryUsingPOMTest" time="25.764"/>
  <testcase classname="vtiger.Organizations.TestScripts.CreateOrganizationWithIndustryUsingPOMTest" name="demo1" time="0.005"/>
  <testcase classname="vtiger.Organizations.TestScripts.CreateOrganizationWithIndustryUsingPOMTest" name="demo2" time="0.005"/>
</testsuite> <!-- Test1 -->
