<?xml version="1.0" encoding="UTF-8"?>
<!-- Generated by org.testng.reporters.JUnitXMLReporter -->
<testsuite ignored="2" hostname="LAPTOP-E2PSIL5I" failures="0" tests="1" name="Test" time="53.208" errors="0" timestamp="2023-01-03T11:05:53 IST">
  <testcase classname="vtiger.Organizations.TestScripts.CreateOrganizationWithIndustryUsingPOMTest" name="createOrgWithIndustryUsingPOMTest" time="26.283"/>
  <testcase classname="vtiger.Organizations.TestScripts.CreateOrganizationWithIndustryUsingPOMTest" name="demo1" time="0.0">
    <ignored/>
  </testcase> <!-- demo1 -->
  <testcase classname="vtiger.Organizations.TestScripts.CreateOrganizationWithIndustryUsingPOMTest" name="demo2" time="0.0">
    <ignored/>
  </testcase> <!-- demo2 -->
</testsuite> <!-- Test -->
