<?xml version="1.0" encoding="UTF-8"?>
<!-- Generated by org.testng.reporters.JUnitXMLReporter -->
<testsuite ignored="0" hostname="LAPTOP-E2PSIL5I" failures="1" tests="1" name="Test2" time="47.477" errors="0" timestamp="2023-01-11T10:17:01 IST">
  <testcase classname="vtiger.Contacts.TestScripts.CreateContactTest" name="createContactTest" time="32.255">
    <failure type="java.lang.AssertionError" message="[Assertion Failed]: Contact creation failed. Actual details in application: [ CON29 ] Chaitra - Contact Information expected [true] but found [false]">
      <![CDATA[java.lang.AssertionError: [Assertion Failed]: Contact creation failed. Actual details in application: [ CON29 ] Chaitra - Contact Information expected [true] but found [false]
at vtiger.Contacts.TestScripts.CreateContactTest.createContactTest(CreateContactTest.java:44)
at java.base/java.util.ArrayList.forEach(ArrayList.java:1511)
... Removed 30 stack frames]]>
    </failure>
  </testcase> <!-- createContactTest -->
</testsuite> <!-- Test2 -->
