<?xml version="1.0" encoding="UTF-8"?>
<testng-results ignored="0" total="5" passed="5" failed="0" skipped="0">
  <reporter-output>
    <line>
      <![CDATA[ ********** TEST TO SELECT ALL CHECK-BOX  ********** ]]>
    </line>
    <line>
      <![CDATA[[STEP]: Selected all check-boxes]]>
    </line>
    <line>
      <![CDATA[ ********** TEST TO SELECT 5th CHECK-BOX ********** ]]>
    </line>
    <line>
      <![CDATA[[STEP]: Selected checkbox in row indexed: 5]]>
    </line>
    <line>
      <![CDATA[********** TEST TO SELECT LAST CHECK-BOX ********** ]]>
    </line>
    <line>
      <![CDATA[[STEP]: Clicked on last check-box]]>
    </line>
    <line>
      <![CDATA[ ********** TEST TO PRINT ALL ORGANIZATION NAMES ********** ]]>
    </line>
    <line>
      <![CDATA[**********[INFO]: All Organization Names **********]]>
    </line>
    <line>
      <![CDATA[automatedOrg]]>
    </line>
    <line>
      <![CDATA[Automated_Org_Name_1149]]>
    </line>
    <line>
      <![CDATA[testwithindustry]]>
    </line>
    <line>
      <![CDATA[Automated_Org_Name_78578]]>
    </line>
    <line>
      <![CDATA[testetets]]>
    </line>
    <line>
      <![CDATA[HSHSJAS]]>
    </line>
    <line>
      <![CDATA[Wipro]]>
    </line>
    <line>
      <![CDATA[Wipro804]]>
    </line>
    <line>
      <![CDATA[Wipro217]]>
    </line>
    <line>
      <![CDATA[testete]]>
    </line>
    <line>
      <![CDATA[weqwqw]]>
    </line>
    <line>
      <![CDATA[Amdocs920]]>
    </line>
    <line>
      <![CDATA[Wipro723]]>
    </line>
    <line>
      <![CDATA[Wipro61]]>
    </line>
    <line>
      <![CDATA[Wipro420]]>
    </line>
    <line>
      <![CDATA[Wipro546]]>
    </line>
    <line>
      <![CDATA[wwe]]>
    </line>
    <line>
      <![CDATA[Amdocs558]]>
    </line>
    <line>
      <![CDATA[Wipro688]]>
    </line>
    <line>
      <![CDATA[Wipro966]]>
    </line>
    <line>
      <![CDATA[ ***** TEST TO SELECT 8TH CHECK-BOX, PRINT ORG NAME AND DELETE ORG ***** ]]>
    </line>
    <line>
      <![CDATA[[STEP]: Selected checkbox in row indexed: 8]]>
    </line>
    <line>
      <![CDATA[[INFO]: 8th Organization name: HSHSJAS]]>
    </line>
    <line>
      <![CDATA[[STEP]: Deleted Organization at row indexed: 8]]>
    </line>
  </reporter-output>
  <suite started-at="2023-02-06T12:08:21 IST" name="Default suite" finished-at="2023-02-06T12:09:53 IST" duration-ms="91595">
    <groups>
    </groups>
    <test started-at="2023-02-06T12:08:21 IST" name="Default test" finished-at="2023-02-06T12:09:53 IST" duration-ms="91595">
      <class name="vtiger.Practice.WebTablePracticeTest">
        <test-method is-config="true" signature="bsConfig()[pri:0, instance:vtiger.Practice.WebTablePracticeTest@16ec5519]" started-at="2023-02-06T12:08:21 IST" name="bsConfig" finished-at="2023-02-06T12:08:21 IST" duration-ms="11" status="PASS">
          <reporter-output>
          </reporter-output>
        </test-method> <!-- bsConfig -->
        <test-method is-config="true" signature="bcConfig()[pri:0, instance:vtiger.Practice.WebTablePracticeTest@16ec5519]" started-at="2023-02-06T12:08:21 IST" name="bcConfig" finished-at="2023-02-06T12:08:28 IST" duration-ms="6869" status="PASS">
          <reporter-output>
          </reporter-output>
        </test-method> <!-- bcConfig -->
        <test-method is-config="true" signature="bmConfig()[pri:0, instance:vtiger.Practice.WebTablePracticeTest@16ec5519]" started-at="2023-02-06T12:08:28 IST" name="bmConfig" finished-at="2023-02-06T12:08:33 IST" duration-ms="5045" status="PASS">
          <reporter-output>
          </reporter-output>
        </test-method> <!-- bmConfig -->
        <test-method signature="checkAllBoxesTest()[pri:0, instance:vtiger.Practice.WebTablePracticeTest@16ec5519]" started-at="2023-02-06T12:08:33 IST" name="checkAllBoxesTest" finished-at="2023-02-06T12:08:44 IST" duration-ms="11257" status="PASS">
          <reporter-output>
            <line>
              <![CDATA[ ********** TEST TO SELECT ALL CHECK-BOX  ********** ]]>
            </line>
            <line>
              <![CDATA[[STEP]: Selected all check-boxes]]>
            </line>
          </reporter-output>
        </test-method> <!-- checkAllBoxesTest -->
        <test-method is-config="true" signature="amConfig()[pri:0, instance:vtiger.Practice.WebTablePracticeTest@16ec5519]" started-at="2023-02-06T12:08:44 IST" name="amConfig" finished-at="2023-02-06T12:08:46 IST" duration-ms="2209" status="PASS">
          <reporter-output>
          </reporter-output>
        </test-method> <!-- amConfig -->
        <test-method is-config="true" signature="bmConfig()[pri:0, instance:vtiger.Practice.WebTablePracticeTest@16ec5519]" started-at="2023-02-06T12:08:46 IST" name="bmConfig" finished-at="2023-02-06T12:08:50 IST" duration-ms="4110" status="PASS">
          <reporter-output>
          </reporter-output>
        </test-method> <!-- bmConfig -->
        <test-method signature="checkFifthCheckBoxTest()[pri:0, instance:vtiger.Practice.WebTablePracticeTest@16ec5519]" started-at="2023-02-06T12:08:50 IST" name="checkFifthCheckBoxTest" finished-at="2023-02-06T12:08:58 IST" duration-ms="7722" status="PASS">
          <reporter-output>
            <line>
              <![CDATA[ ********** TEST TO SELECT 5th CHECK-BOX ********** ]]>
            </line>
            <line>
              <![CDATA[[STEP]: Selected checkbox in row indexed: 5]]>
            </line>
          </reporter-output>
        </test-method> <!-- checkFifthCheckBoxTest -->
        <test-method is-config="true" signature="amConfig()[pri:0, instance:vtiger.Practice.WebTablePracticeTest@16ec5519]" started-at="2023-02-06T12:08:58 IST" name="amConfig" finished-at="2023-02-06T12:09:00 IST" duration-ms="2265" status="PASS">
          <reporter-output>
          </reporter-output>
        </test-method> <!-- amConfig -->
        <test-method is-config="true" signature="bmConfig()[pri:0, instance:vtiger.Practice.WebTablePracticeTest@16ec5519]" started-at="2023-02-06T12:09:00 IST" name="bmConfig" finished-at="2023-02-06T12:09:05 IST" duration-ms="4232" status="PASS">
          <reporter-output>
          </reporter-output>
        </test-method> <!-- bmConfig -->
        <test-method signature="clickOnLastCheckBox()[pri:0, instance:vtiger.Practice.WebTablePracticeTest@16ec5519]" started-at="2023-02-06T12:09:05 IST" name="clickOnLastCheckBox" finished-at="2023-02-06T12:09:11 IST" duration-ms="5837" status="PASS">
          <reporter-output>
            <line>
              <![CDATA[********** TEST TO SELECT LAST CHECK-BOX ********** ]]>
            </line>
            <line>
              <![CDATA[[STEP]: Clicked on last check-box]]>
            </line>
          </reporter-output>
        </test-method> <!-- clickOnLastCheckBox -->
        <test-method is-config="true" signature="amConfig()[pri:0, instance:vtiger.Practice.WebTablePracticeTest@16ec5519]" started-at="2023-02-06T12:09:11 IST" name="amConfig" finished-at="2023-02-06T12:09:13 IST" duration-ms="2364" status="PASS">
          <reporter-output>
          </reporter-output>
        </test-method> <!-- amConfig -->
        <test-method is-config="true" signature="bmConfig()[pri:0, instance:vtiger.Practice.WebTablePracticeTest@16ec5519]" started-at="2023-02-06T12:09:13 IST" name="bmConfig" finished-at="2023-02-06T12:09:16 IST" duration-ms="3463" status="PASS">
          <reporter-output>
          </reporter-output>
        </test-method> <!-- bmConfig -->
        <test-method signature="printAllOrgNamesTest()[pri:0, instance:vtiger.Practice.WebTablePracticeTest@16ec5519]" started-at="2023-02-06T12:09:16 IST" name="printAllOrgNamesTest" finished-at="2023-02-06T12:09:27 IST" duration-ms="10561" status="PASS">
          <reporter-output>
            <line>
              <![CDATA[ ********** TEST TO PRINT ALL ORGANIZATION NAMES ********** ]]>
            </line>
            <line>
              <![CDATA[**********[INFO]: All Organization Names **********]]>
            </line>
            <line>
              <![CDATA[automatedOrg]]>
            </line>
            <line>
              <![CDATA[Automated_Org_Name_1149]]>
            </line>
            <line>
              <![CDATA[testwithindustry]]>
            </line>
            <line>
              <![CDATA[Automated_Org_Name_78578]]>
            </line>
            <line>
              <![CDATA[testetets]]>
            </line>
            <line>
              <![CDATA[HSHSJAS]]>
            </line>
            <line>
              <![CDATA[Wipro]]>
            </line>
            <line>
              <![CDATA[Wipro804]]>
            </line>
            <line>
              <![CDATA[Wipro217]]>
            </line>
            <line>
              <![CDATA[testete]]>
            </line>
            <line>
              <![CDATA[weqwqw]]>
            </line>
            <line>
              <![CDATA[Amdocs920]]>
            </line>
            <line>
              <![CDATA[Wipro723]]>
            </line>
            <line>
              <![CDATA[Wipro61]]>
            </line>
            <line>
              <![CDATA[Wipro420]]>
            </line>
            <line>
              <![CDATA[Wipro546]]>
            </line>
            <line>
              <![CDATA[wwe]]>
            </line>
            <line>
              <![CDATA[Amdocs558]]>
            </line>
            <line>
              <![CDATA[Wipro688]]>
            </line>
            <line>
              <![CDATA[Wipro966]]>
            </line>
          </reporter-output>
        </test-method> <!-- printAllOrgNamesTest -->
        <test-method is-config="true" signature="amConfig()[pri:0, instance:vtiger.Practice.WebTablePracticeTest@16ec5519]" started-at="2023-02-06T12:09:27 IST" name="amConfig" finished-at="2023-02-06T12:09:30 IST" duration-ms="2690" status="PASS">
          <reporter-output>
          </reporter-output>
        </test-method> <!-- amConfig -->
        <test-method is-config="true" signature="bmConfig()[pri:0, instance:vtiger.Practice.WebTablePracticeTest@16ec5519]" started-at="2023-02-06T12:09:30 IST" name="bmConfig" finished-at="2023-02-06T12:09:35 IST" duration-ms="5137" status="PASS">
          <reporter-output>
          </reporter-output>
        </test-method> <!-- bmConfig -->
        <test-method signature="selectEightOrgAndThenDeleteTest()[pri:0, instance:vtiger.Practice.WebTablePracticeTest@16ec5519]" started-at="2023-02-06T12:09:35 IST" name="selectEightOrgAndThenDeleteTest" finished-at="2023-02-06T12:09:43 IST" duration-ms="7987" status="PASS">
          <reporter-output>
            <line>
              <![CDATA[ ***** TEST TO SELECT 8TH CHECK-BOX, PRINT ORG NAME AND DELETE ORG ***** ]]>
            </line>
            <line>
              <![CDATA[[STEP]: Selected checkbox in row indexed: 8]]>
            </line>
            <line>
              <![CDATA[[INFO]: 8th Organization name: HSHSJAS]]>
            </line>
            <line>
              <![CDATA[[STEP]: Deleted Organization at row indexed: 8]]>
            </line>
          </reporter-output>
        </test-method> <!-- selectEightOrgAndThenDeleteTest -->
        <test-method is-config="true" signature="amConfig()[pri:0, instance:vtiger.Practice.WebTablePracticeTest@16ec5519]" started-at="2023-02-06T12:09:43 IST" name="amConfig" finished-at="2023-02-06T12:09:52 IST" duration-ms="9394" status="PASS">
          <reporter-output>
          </reporter-output>
        </test-method> <!-- amConfig -->
        <test-method is-config="true" signature="acConfig()[pri:0, instance:vtiger.Practice.WebTablePracticeTest@16ec5519]" started-at="2023-02-06T12:09:52 IST" name="acConfig" finished-at="2023-02-06T12:09:53 IST" duration-ms="374" status="PASS">
          <reporter-output>
          </reporter-output>
        </test-method> <!-- acConfig -->
        <test-method is-config="true" signature="asConfig()[pri:0, instance:vtiger.Practice.WebTablePracticeTest@16ec5519]" started-at="2023-02-06T12:09:53 IST" name="asConfig" finished-at="2023-02-06T12:09:53 IST" duration-ms="1" status="PASS">
          <reporter-output>
          </reporter-output>
        </test-method> <!-- asConfig -->
      </class> <!-- vtiger.Practice.WebTablePracticeTest -->
    </test> <!-- Default test -->
  </suite> <!-- Default suite -->
</testng-results>
